<?xml version="1.0" encoding="UTF-8"?>
<testng-results skipped="0" failed="0" ignored="0" total="1" passed="1">
  <reporter-output>
  </reporter-output>
  <suite name="Default suite" duration-ms="51452" started-at="2019-03-23T18:58:43Z" finished-at="2019-03-23T18:59:35Z">
    <groups>
    </groups>
    <test name="Default test" duration-ms="51452" started-at="2019-03-23T18:58:43Z" finished-at="2019-03-23T18:59:35Z">
      <class name="Calculator">
        <test-method status="PASS" signature="setUp()[pri:0, instance:Calculator@46d56d67]" name="setUp" is-config="true" duration-ms="30614" started-at="2019-03-23T18:58:43Z" finished-at="2019-03-23T18:59:14Z">
          <reporter-output>
          </reporter-output>
        </test-method> <!-- setUp -->
        <test-method status="PASS" signature="testCal()[pri:0, instance:Calculator@46d56d67]" name="testCal" duration-ms="18185" started-at="2019-03-23T18:59:14Z" finished-at="2019-03-23T18:59:32Z">
          <reporter-output>
          </reporter-output>
        </test-method> <!-- testCal -->
        <test-method status="PASS" signature="teardown()[pri:0, instance:Calculator@46d56d67]" name="teardown" is-config="true" duration-ms="2610" started-at="2019-03-23T18:59:32Z" finished-at="2019-03-23T18:59:35Z">
          <reporter-output>
          </reporter-output>
        </test-method> <!-- teardown -->
      </class> <!-- Calculator -->
    </test> <!-- Default test -->
  </suite> <!-- Default suite -->
</testng-results>
